Start training task queues
Training eth job 1 pid 1192659
2025-10-26 17:17:34.582108: I tensorflow/core/platform/cpu_feature_guard.cc:193] This TensorFlow binary is optimized with oneAPI Deep Neural Network Library (oneDNN) to use the following CPU instructions in performance-critical operations:  AVX2 AVX512F FMA
To enable them in other operations, rebuild TensorFlow with the appropriate compiler flags.
2025-10-26 17:17:34.730462: W tensorflow/compiler/xla/stream_executor/platform/default/dso_loader.cc:64] Could not load dynamic library 'libcudart.so.11.0'; dlerror: libcudart.so.11.0: cannot open shared object file: No such file or directory
2025-10-26 17:17:34.730507: I tensorflow/compiler/xla/stream_executor/cuda/cudart_stub.cc:29] Ignore above cudart dlerror if you do not have a GPU set up on your machine.
2025-10-26 17:17:35.472505: W tensorflow/compiler/xla/stream_executor/platform/default/dso_loader.cc:64] Could not load dynamic library 'libnvinfer.so.7'; dlerror: libnvinfer.so.7: cannot open shared object file: No such file or directory
2025-10-26 17:17:35.472626: W tensorflow/compiler/xla/stream_executor/platform/default/dso_loader.cc:64] Could not load dynamic library 'libnvinfer_plugin.so.7'; dlerror: libnvinfer_plugin.so.7: cannot open shared object file: No such file or directory
2025-10-26 17:17:35.472639: W tensorflow/compiler/tf2tensorrt/utils/py_utils.cc:38] TF-TRT Warning: Cannot dlopen some TensorRT libraries. If you would like to use Nvidia GPU with TensorRT, please make sure the missing libraries mentioned above are installed properly.
./datasets/eth/train/uni_examples_train.txt
./datasets/eth/train/students001_train.txt
./datasets/eth/train/students003_train.txt
./datasets/eth/train/crowds_zara01_train.txt
./datasets/eth/train/crowds_zara03_train.txt
./datasets/eth/train/crowds_zara02_train.txt
./datasets/eth/train/biwi_hotel_train.txt
Processing eth dataset train: 100%|█████████████████████████████████████████████████████████████████| 2785/2785 [00:00<00:00, 20167.81it/s]
./datasets/eth/val/uni_examples_val.txt
./datasets/eth/val/crowds_zara01_val.txt
./datasets/eth/val/students001_val.txt
./datasets/eth/val/crowds_zara03_val.txt
./datasets/eth/val/biwi_hotel_val.txt
./datasets/eth/val/crowds_zara02_val.txt
./datasets/eth/val/students003_val.txt
Processing eth dataset val: 100%|█████████████████████████████████████████████████████████████████████| 660/660 [00:00<00:00, 18868.41it/s]
2025-10-26 17:17:54 [INFO]: No given device, using default device: cuda
2025-10-26 17:17:54 [WARNING]: saving_path not given. Model files and tensorboard file will not be saved.
2025-10-26 17:17:54 [INFO]: Model initialized successfully with the number of trainable parameters: 85,072
saits_lr 0.0001
lr 0.0001
Train Epoch: 0 Loss: 0.00448234 Max_MAE:  0.00000048: 100%|████████████████████████████████████████████| 2785/2785 [04:57<00:00,  9.35it/s]
Train Epoch: 0 Loss: 0.00649569 Max_MAE:  1.03168488: 100%|████████████████████████████████████████████| 2785/2785 [04:53<00:00,  9.48it/s]
Valid Epoch: 0 Loss: 0.06104208: 100%|███████████████████████████████████████████████████████████████████| 660/660 [00:39<00:00, 16.78it/s]
 
Dataset: end_point_eth_experiment, Epoch: 0
Train_loss: 0.19363700229962166, Val_los: 6.586018876957171
Min_val_epoch: 0, Min_val_loss: 6.586018876957171
 
Train Epoch: 1 Loss: -0.01040743 Max_MAE:  0.00000024: 100%|███████████████████████████████████████████| 2785/2785 [05:26<00:00,  8.53it/s]
Train Epoch: 1 Loss: 0.00974422 Max_MAE:  1.73547745: 100%|████████████████████████████████████████████| 2785/2785 [05:27<00:00,  8.51it/s]
Valid Epoch: 1 Loss: 0.02833659: 100%|███████████████████████████████████████████████████████████████████| 660/660 [00:38<00:00, 17.12it/s]
 
Dataset: end_point_eth_experiment, Epoch: 1
Train_loss: -0.03060086315800394, Val_los: 3.8791107755718808
Min_val_epoch: 1, Min_val_loss: 3.8791107755718808
 
Train Epoch: 2 Loss: -0.00793123 Max_MAE:  0.00000003: 100%|███████████████████████████████████████████| 2785/2785 [05:29<00:00,  8.46it/s]
Train Epoch: 2 Loss: -0.00187581 Max_MAE:  0.73536110: 100%|███████████████████████████████████████████| 2785/2785 [05:13<00:00,  8.90it/s]
Valid Epoch: 2 Loss: 0.02185708: 100%|███████████████████████████████████████████████████████████████████| 660/660 [00:30<00:00, 21.51it/s]
 
Dataset: end_point_eth_experiment, Epoch: 2
Train_loss: -0.5843431828892999, Val_los: 1.3183861647591446
Min_val_epoch: 2, Min_val_loss: 1.3183861647591446
 
Train Epoch: 3 Loss: 0.00183568 Max_MAE:  0.00000000: 100%|████████████████████████████████████████████| 2785/2785 [04:29<00:00, 10.33it/s]
Train Epoch: 3 Loss: -0.01256664 Max_MAE:  0.51775885: 100%|███████████████████████████████████████████| 2785/2785 [04:45<00:00,  9.74it/s]
Valid Epoch: 3 Loss: 0.00991114: 100%|███████████████████████████████████████████████████████████████████| 660/660 [00:29<00:00, 22.14it/s]
 
Dataset: end_point_eth_experiment, Epoch: 3
Train_loss: -0.8187316769876147, Val_los: 0.6130433184630943
Min_val_epoch: 3, Min_val_loss: 0.6130433184630943
 
Train Epoch: 4 Loss: -0.01092601 Max_MAE:  0.00000060: 100%|███████████████████████████████████████████| 2785/2785 [04:31<00:00, 10.27it/s]
Train Epoch: 4 Loss: 0.00352024 Max_MAE:  1.04950619: 100%|████████████████████████████████████████████| 2785/2785 [04:38<00:00, 10.01it/s]
Valid Epoch: 4 Loss: 0.01033952: 100%|███████████████████████████████████████████████████████████████████| 660/660 [00:29<00:00, 22.41it/s]
 
Dataset: end_point_eth_experiment, Epoch: 4
Train_loss: -0.9049960516092219, Val_los: 0.8205727622364507
Min_val_epoch: 3, Min_val_loss: 0.6130433184630943
 
Train Epoch: 5 Loss: -0.01329745 Max_MAE:  0.00000003: 100%|███████████████████████████████████████████| 2785/2785 [05:05<00:00,  9.10it/s]
Train Epoch: 5 Loss: -0.01145607 Max_MAE:  1.59221363: 100%|███████████████████████████████████████████| 2785/2785 [04:33<00:00, 10.20it/s]
Valid Epoch: 5 Loss: 0.00217959: 100%|███████████████████████████████████████████████████████████████████| 660/660 [00:29<00:00, 22.33it/s]
 
Dataset: end_point_eth_experiment, Epoch: 5
Train_loss: -1.0760728990491915, Val_los: 0.1792750828193896
Min_val_epoch: 5, Min_val_loss: 0.1792750828193896
 
Train Epoch: 6 Loss: -0.01554259 Max_MAE:  0.00000095: 100%|███████████████████████████████████████████| 2785/2785 [04:31<00:00, 10.25it/s]
Train Epoch: 6 Loss: -0.01318262 Max_MAE:  1.89951849: 100%|███████████████████████████████████████████| 2785/2785 [04:53<00:00,  9.50it/s]
Valid Epoch: 6 Loss: -0.00142727: 100%|██████████████████████████████████████████████████████████████████| 660/660 [00:29<00:00, 22.31it/s]
 
Dataset: end_point_eth_experiment, Epoch: 6
Train_loss: -1.1530327481931641, Val_los: -0.022527531060305507
Min_val_epoch: 6, Min_val_loss: -0.022527531060305507
 
Train Epoch: 7 Loss: -0.00397542 Max_MAE:  0.00000024: 100%|███████████████████████████████████████████| 2785/2785 [04:34<00:00, 10.14it/s]
Train Epoch: 7 Loss: -0.00706920 Max_MAE:  2.50670075: 100%|███████████████████████████████████████████| 2785/2785 [04:33<00:00, 10.19it/s]
Valid Epoch: 7 Loss: 0.00240768: 100%|███████████████████████████████████████████████████████████████████| 660/660 [00:30<00:00, 21.92it/s]
 
Dataset: end_point_eth_experiment, Epoch: 7
Train_loss: -1.1727189893728955, Val_los: 0.04857458092949607
Min_val_epoch: 6, Min_val_loss: -0.022527531060305507
 
Train Epoch: 8 Loss: -0.01300600 Max_MAE:  0.00000024: 100%|███████████████████████████████████████████| 2785/2785 [04:33<00:00, 10.18it/s]
Train Epoch: 8 Loss: -0.01579835 Max_MAE:  0.85447669: 100%|███████████████████████████████████████████| 2785/2785 [04:49<00:00,  9.62it/s]
Valid Epoch: 8 Loss: 0.00276247: 100%|███████████████████████████████████████████████████████████████████| 660/660 [00:30<00:00, 21.51it/s]
 
Dataset: end_point_eth_experiment, Epoch: 8
Train_loss: -1.2755330306262151, Val_los: -0.28269495593779015
Min_val_epoch: 8, Min_val_loss: -0.28269495593779015
 
Train Epoch: 9 Loss: -0.01138701 Max_MAE:  0.00000018: 100%|███████████████████████████████████████████| 2785/2785 [04:45<00:00,  9.77it/s]
Train Epoch: 9 Loss: -0.01061565 Max_MAE:  2.11905813: 100%|███████████████████████████████████████████| 2785/2785 [04:38<00:00,  9.99it/s]
Valid Epoch: 9 Loss: 0.01213493: 100%|███████████████████████████████████████████████████████████████████| 660/660 [00:30<00:00, 21.83it/s]
 
Dataset: end_point_eth_experiment, Epoch: 9
Train_loss: -1.3428644014234843, Val_los: 0.30790863280946557
Min_val_epoch: 8, Min_val_loss: -0.28269495593779015
 
Train Epoch: 10 Loss: -0.01107156 Max_MAE:  0.00000024: 100%|██████████████████████████████████████████| 2785/2785 [04:34<00:00, 10.13it/s]
Train Epoch: 10 Loss: -0.01137417 Max_MAE:  1.14608002: 100%|██████████████████████████████████████████| 2785/2785 [04:35<00:00, 10.12it/s]
Valid Epoch: 10 Loss: -0.00438049: 100%|█████████████████████████████████████████████████████████████████| 660/660 [00:30<00:00, 21.37it/s]
 
Dataset: end_point_eth_experiment, Epoch: 10
Train_loss: -1.3878680203989469, Val_los: -0.5743570711576578
Min_val_epoch: 10, Min_val_loss: -0.5743570711576578
 
Train Epoch: 11 Loss: -0.01434475 Max_MAE:  0.00000095: 100%|██████████████████████████████████████████| 2785/2785 [04:45<00:00,  9.76it/s]
Train Epoch: 11 Loss: -0.00786003 Max_MAE:  0.78998470: 100%|██████████████████████████████████████████| 2785/2785 [05:11<00:00,  8.94it/s]
Valid Epoch: 11 Loss: 0.00152186: 100%|██████████████████████████████████████████████████████████████████| 660/660 [00:30<00:00, 21.94it/s]
 
Dataset: end_point_eth_experiment, Epoch: 11
Train_loss: -1.345507195959774, Val_los: -0.30808438252318987
Min_val_epoch: 10, Min_val_loss: -0.5743570711576578
 
Train Epoch: 12 Loss: -0.01113155 Max_MAE:  0.00000060: 100%|██████████████████████████████████████████| 2785/2785 [04:56<00:00,  9.38it/s]
Train Epoch: 12 Loss: -0.00970485 Max_MAE:  0.99695778: 100%|██████████████████████████████████████████| 2785/2785 [05:13<00:00,  8.89it/s]
Valid Epoch: 12 Loss: -0.00315168: 100%|█████████████████████████████████████████████████████████████████| 660/660 [00:30<00:00, 21.91it/s]
 
Dataset: end_point_eth_experiment, Epoch: 12
Train_loss: -1.4016133728599314, Val_los: -0.6142717178120758
Min_val_epoch: 12, Min_val_loss: -0.6142717178120758
 
Train Epoch: 13 Loss: -0.01865173 Max_MAE:  0.00000000: 100%|██████████████████████████████████████████| 2785/2785 [05:05<00:00,  9.11it/s]
Train Epoch: 13 Loss: -0.01190288 Max_MAE:  1.79719901: 100%|██████████████████████████████████████████| 2785/2785 [05:07<00:00,  9.05it/s]
Valid Epoch: 13 Loss: -0.00434014: 100%|█████████████████████████████████████████████████████████████████| 660/660 [00:30<00:00, 21.76it/s]
 
Dataset: end_point_eth_experiment, Epoch: 13
Train_loss: -1.4345881656143327, Val_los: -0.4275392217166496
Min_val_epoch: 12, Min_val_loss: -0.6142717178120758
 
Train Epoch: 14 Loss: -0.00848698 Max_MAE:  0.00000024: 100%|██████████████████████████████████████████| 2785/2785 [05:11<00:00,  8.93it/s]
Train Epoch: 14 Loss: -0.01849158 Max_MAE:  0.04408979: 100%|██████████████████████████████████████████| 2785/2785 [05:26<00:00,  8.54it/s]
Valid Epoch: 14 Loss: -0.00139471: 100%|█████████████████████████████████████████████████████████████████| 660/660 [00:30<00:00, 21.78it/s]
 
Dataset: end_point_eth_experiment, Epoch: 14
Train_loss: -1.4791081207618786, Val_los: -0.5476144499850996
Min_val_epoch: 12, Min_val_loss: -0.6142717178120758
 
Train Epoch: 15 Loss: 0.00097301 Max_MAE:  0.00000003: 100%|███████████████████████████████████████████| 2785/2785 [05:24<00:00,  8.57it/s]
Train Epoch: 15 Loss: -0.01935504 Max_MAE:  0.54135823: 100%|██████████████████████████████████████████| 2785/2785 [05:24<00:00,  8.58it/s]
Valid Epoch: 15 Loss: -0.00331338: 100%|█████████████████████████████████████████████████████████████████| 660/660 [00:30<00:00, 21.75it/s]
 
Dataset: end_point_eth_experiment, Epoch: 15
Train_loss: -1.4828313919443041, Val_los: -0.7054113694212654
Min_val_epoch: 15, Min_val_loss: -0.7054113694212654
 
Train Epoch: 16 Loss: 0.01199987 Max_MAE:  0.00000000: 100%|███████████████████████████████████████████| 2785/2785 [05:20<00:00,  8.70it/s]
Train Epoch: 16 Loss: -0.01293432 Max_MAE:  1.44506168: 100%|██████████████████████████████████████████| 2785/2785 [05:16<00:00,  8.80it/s]
Valid Epoch: 16 Loss: -0.00205582: 100%|█████████████████████████████████████████████████████████████████| 660/660 [00:29<00:00, 22.08it/s]
 
Dataset: end_point_eth_experiment, Epoch: 16
Train_loss: -1.475764629901579, Val_los: -0.6492638060540864
Min_val_epoch: 15, Min_val_loss: -0.7054113694212654
 
Train Epoch: 17 Loss: -0.01002586 Max_MAE:  0.00000024: 100%|██████████████████████████████████████████| 2785/2785 [05:14<00:00,  8.85it/s]
Train Epoch: 17 Loss: -0.00731493 Max_MAE:  1.54464769: 100%|██████████████████████████████████████████| 2785/2785 [05:05<00:00,  9.10it/s]
Valid Epoch: 17 Loss: 0.00511403: 100%|██████████████████████████████████████████████████████████████████| 660/660 [00:30<00:00, 21.93it/s]
 
Dataset: end_point_eth_experiment, Epoch: 17
Train_loss: -1.577206495413607, Val_los: -0.2706295604055578
Min_val_epoch: 15, Min_val_loss: -0.7054113694212654
 
Train Epoch: 18 Loss: 0.00690678 Max_MAE:  0.00000000: 100%|███████████████████████████████████████████| 2785/2785 [05:03<00:00,  9.19it/s]
Train Epoch: 18 Loss: -0.01653083 Max_MAE:  1.98724556: 100%|██████████████████████████████████████████| 2785/2785 [05:07<00:00,  9.07it/s]
Valid Epoch: 18 Loss: -0.00210010: 100%|█████████████████████████████████████████████████████████████████| 660/660 [00:30<00:00, 21.94it/s]
 
Dataset: end_point_eth_experiment, Epoch: 18
Train_loss: -1.5877781558719997, Val_los: -0.8964275404359355
Min_val_epoch: 18, Min_val_loss: -0.8964275404359355
 
Train Epoch: 19 Loss: -0.01363933 Max_MAE:  0.00000048: 100%|██████████████████████████████████████████| 2785/2785 [05:03<00:00,  9.17it/s]
Train Epoch: 19 Loss: -0.01166684 Max_MAE:  1.67911339: 100%|██████████████████████████████████████████| 2785/2785 [05:06<00:00,  9.07it/s]
Valid Epoch: 19 Loss: -0.00272026: 100%|█████████████████████████████████████████████████████████████████| 660/660 [00:29<00:00, 22.06it/s]
 
Dataset: end_point_eth_experiment, Epoch: 19
Train_loss: -1.5516872967548228, Val_los: -0.6539080267602747
Min_val_epoch: 18, Min_val_loss: -0.8964275404359355
 
Train Epoch: 20 Loss: -0.01454747 Max_MAE:  0.00000024: 100%|██████████████████████████████████████████| 2785/2785 [04:59<00:00,  9.30it/s]
Train Epoch: 20 Loss: 0.00228654 Max_MAE:  1.73463058: 100%|███████████████████████████████████████████| 2785/2785 [05:05<00:00,  9.13it/s]
Valid Epoch: 20 Loss: 0.00331917: 100%|██████████████████████████████████████████████████████████████████| 660/660 [00:30<00:00, 21.97it/s]
 
Dataset: end_point_eth_experiment, Epoch: 20
Train_loss: -1.5836727491166958, Val_los: -0.4389858123027917
Min_val_epoch: 18, Min_val_loss: -0.8964275404359355
 
Train Epoch: 21 Loss: -0.01936841 Max_MAE:  0.00000006: 100%|██████████████████████████████████████████| 2785/2785 [04:43<00:00,  9.82it/s]
Train Epoch: 21 Loss: -0.01041429 Max_MAE:  1.73647404: 100%|██████████████████████████████████████████| 2785/2785 [04:34<00:00, 10.16it/s]
Valid Epoch: 21 Loss: -0.00211255: 100%|█████████████████████████████████████████████████████████████████| 660/660 [00:34<00:00, 19.08it/s]
 
Dataset: end_point_eth_experiment, Epoch: 21
Train_loss: -1.5527062544696153, Val_los: -0.6208319899710741
Min_val_epoch: 18, Min_val_loss: -0.8964275404359355
 
Train Epoch: 22 Loss: 0.00274644 Max_MAE:  0.00000095: 100%|███████████████████████████████████████████| 2785/2785 [05:09<00:00,  9.01it/s]
Train Epoch: 22 Loss: -0.01164483 Max_MAE:  1.68127251: 100%|██████████████████████████████████████████| 2785/2785 [04:54<00:00,  9.45it/s]
Valid Epoch: 22 Loss: 0.00521983: 100%|██████████████████████████████████████████████████████████████████| 660/660 [00:29<00:00, 22.19it/s]
 
Dataset: end_point_eth_experiment, Epoch: 22
Train_loss: -1.6870884444765224, Val_los: 0.2662597742947665
Min_val_epoch: 18, Min_val_loss: -0.8964275404359355
 
Train Epoch: 23 Loss: -0.02322915 Max_MAE:  0.00000001: 100%|██████████████████████████████████████████| 2785/2785 [04:45<00:00,  9.75it/s]
Train Epoch: 23 Loss: -0.00594026 Max_MAE:  1.26648521: 100%|██████████████████████████████████████████| 2785/2785 [05:17<00:00,  8.76it/s]
Valid Epoch: 23 Loss: -0.00349852: 100%|█████████████████████████████████████████████████████████████████| 660/660 [00:39<00:00, 16.69it/s]
 
Dataset: end_point_eth_experiment, Epoch: 23
Train_loss: -1.6590783967143277, Val_los: -0.755989693511616
Min_val_epoch: 18, Min_val_loss: -0.8964275404359355
 
Train Epoch: 24 Loss: -0.02225016 Max_MAE:  0.00000003: 100%|██████████████████████████████████████████| 2785/2785 [04:37<00:00, 10.04it/s]
Train Epoch: 24 Loss: -0.01277604 Max_MAE:  1.03610706: 100%|██████████████████████████████████████████| 2785/2785 [05:15<00:00,  8.82it/s]
Valid Epoch: 24 Loss: -0.00258882: 100%|█████████████████████████████████████████████████████████████████| 660/660 [00:32<00:00, 20.10it/s]
 
Dataset: end_point_eth_experiment, Epoch: 24
Train_loss: -1.5897673469843991, Val_los: -0.6974948067556728
Min_val_epoch: 18, Min_val_loss: -0.8964275404359355
 
Train Epoch: 25 Loss: -0.00501252 Max_MAE:  0.00000024: 100%|██████████████████████████████████████████| 2785/2785 [04:58<00:00,  9.32it/s]
Train Epoch: 25 Loss: -0.01755149 Max_MAE:  0.94345641: 100%|██████████████████████████████████████████| 2785/2785 [05:02<00:00,  9.21it/s]
Valid Epoch: 25 Loss: -0.00696110: 100%|█████████████████████████████████████████████████████████████████| 660/660 [00:30<00:00, 21.78it/s]
 
Dataset: end_point_eth_experiment, Epoch: 25
Train_loss: -1.6506828668977083, Val_los: -1.2202646629376845
Min_val_epoch: 25, Min_val_loss: -1.2202646629376845
 
Train Epoch: 26 Loss: 0.00936432 Max_MAE:  0.00000012: 100%|███████████████████████████████████████████| 2785/2785 [04:43<00:00,  9.83it/s]
Train Epoch: 26 Loss: -0.01247874 Max_MAE:  1.46357727: 100%|██████████████████████████████████████████| 2785/2785 [04:38<00:00,  9.99it/s]
Valid Epoch: 26 Loss: -0.00390852: 100%|█████████████████████████████████████████████████████████████████| 660/660 [00:30<00:00, 21.34it/s]
 
Dataset: end_point_eth_experiment, Epoch: 26
Train_loss: -1.6595448266775004, Val_los: -0.8304700467622641
Min_val_epoch: 25, Min_val_loss: -1.2202646629376845
 
Train Epoch: 27 Loss: -0.01293418 Max_MAE:  0.00000012: 100%|██████████████████████████████████████████| 2785/2785 [04:52<00:00,  9.51it/s]
Train Epoch: 27 Loss: -0.00847480 Max_MAE:  1.59101868: 100%|██████████████████████████████████████████| 2785/2785 [05:02<00:00,  9.22it/s]
Valid Epoch: 27 Loss: -0.00103536: 100%|█████████████████████████████████████████████████████████████████| 660/660 [00:30<00:00, 21.81it/s]
 
Dataset: end_point_eth_experiment, Epoch: 27
Train_loss: -1.6954310729651574, Val_los: -0.7042031242991938
Min_val_epoch: 25, Min_val_loss: -1.2202646629376845
 
Train Epoch: 28 Loss: -0.01779706 Max_MAE:  0.00000024: 100%|██████████████████████████████████████████| 2785/2785 [05:03<00:00,  9.19it/s]
Train Epoch: 28 Loss: 0.00030522 Max_MAE:  1.44312191: 100%|███████████████████████████████████████████| 2785/2785 [05:09<00:00,  9.00it/s]
Valid Epoch: 28 Loss: -0.00691461: 100%|█████████████████████████████████████████████████████████████████| 660/660 [00:30<00:00, 21.78it/s]
 
Dataset: end_point_eth_experiment, Epoch: 28
Train_loss: -1.742733717934501, Val_los: -0.5361900939182802
Min_val_epoch: 25, Min_val_loss: -1.2202646629376845
 
Train Epoch: 29 Loss: -0.00326128 Max_MAE:  0.00000016: 100%|██████████████████████████████████████████| 2785/2785 [05:02<00:00,  9.22it/s]
Train Epoch: 29 Loss: -0.01621908 Max_MAE:  0.08840048: 100%|██████████████████████████████████████████| 2785/2785 [05:13<00:00,  8.87it/s]
Valid Epoch: 29 Loss: -0.00751735: 100%|█████████████████████████████████████████████████████████████████| 660/660 [00:30<00:00, 21.79it/s]
 
Dataset: end_point_eth_experiment, Epoch: 29
Train_loss: -1.7476296072240578, Val_los: -0.5596755017836889
Min_val_epoch: 25, Min_val_loss: -1.2202646629376845
 
Train Epoch: 30 Loss: -0.02434427 Max_MAE:  0.00000000: 100%|██████████████████████████████████████████| 2785/2785 [05:21<00:00,  8.67it/s]
Train Epoch: 30 Loss: -0.01158345 Max_MAE:  1.03325748: 100%|██████████████████████████████████████████| 2785/2785 [05:37<00:00,  8.25it/s]
Valid Epoch: 30 Loss: -0.00664368: 100%|█████████████████████████████████████████████████████████████████| 660/660 [00:30<00:00, 21.66it/s]
 
Dataset: end_point_eth_experiment, Epoch: 30
Train_loss: -1.7239730649248193, Val_los: -0.8491342527396751
Min_val_epoch: 25, Min_val_loss: -1.2202646629376845
 
Train Epoch: 31 Loss: -0.00131662 Max_MAE:  0.00000024: 100%|██████████████████████████████████████████| 2785/2785 [05:12<00:00,  8.90it/s]
Train Epoch: 31 Loss: -0.01139664 Max_MAE:  1.57260323: 100%|██████████████████████████████████████████| 2785/2785 [05:14<00:00,  8.85it/s]
Valid Epoch: 31 Loss: -0.00575856: 100%|█████████████████████████████████████████████████████████████████| 660/660 [00:30<00:00, 21.89it/s]
 
Dataset: end_point_eth_experiment, Epoch: 31
Train_loss: -1.7161453974391443, Val_los: -0.8968592070268863
Min_val_epoch: 25, Min_val_loss: -1.2202646629376845
 
Train Epoch: 32 Loss: -0.02257272 Max_MAE:  0.00000024: 100%|██████████████████████████████████████████| 2785/2785 [05:15<00:00,  8.83it/s]
Train Epoch: 32 Loss: -0.01401245 Max_MAE:  1.62003875: 100%|██████████████████████████████████████████| 2785/2785 [05:07<00:00,  9.05it/s]
Valid Epoch: 32 Loss: -0.00897400: 100%|█████████████████████████████████████████████████████████████████| 660/660 [00:29<00:00, 22.13it/s]
 
Dataset: end_point_eth_experiment, Epoch: 32
Train_loss: -1.7277004274922545, Val_los: -1.2431044408769318
Min_val_epoch: 32, Min_val_loss: -1.2431044408769318
 
Train Epoch: 33 Loss: -0.01875441 Max_MAE:  0.00000024: 100%|██████████████████████████████████████████| 2785/2785 [05:00<00:00,  9.26it/s]
Train Epoch: 33 Loss: -0.00840498 Max_MAE:  0.81630325: 100%|██████████████████████████████████████████| 2785/2785 [04:58<00:00,  9.32it/s]
Valid Epoch: 33 Loss: -0.00649717: 100%|█████████████████████████████████████████████████████████████████| 660/660 [00:29<00:00, 22.12it/s]
 
Dataset: end_point_eth_experiment, Epoch: 33
Train_loss: -1.7992518448978128, Val_los: -0.8547303929473414
Min_val_epoch: 32, Min_val_loss: -1.2431044408769318
 
Train Epoch: 34 Loss: -0.01653858 Max_MAE:  0.00000048: 100%|██████████████████████████████████████████| 2785/2785 [04:51<00:00,  9.57it/s]
Train Epoch: 34 Loss: 0.00081702 Max_MAE:  2.71400547: 100%|███████████████████████████████████████████| 2785/2785 [05:00<00:00,  9.27it/s]
Valid Epoch: 34 Loss: -0.00384823: 100%|█████████████████████████████████████████████████████████████████| 660/660 [00:29<00:00, 22.08it/s]
 
Dataset: end_point_eth_experiment, Epoch: 34
Train_loss: -1.8656710524372824, Val_los: -0.5981971924052094
Min_val_epoch: 32, Min_val_loss: -1.2431044408769318
 
Train Epoch: 35 Loss: -0.01710046 Max_MAE:  0.00000048: 100%|██████████████████████████████████████████| 2785/2785 [05:05<00:00,  9.12it/s]
Train Epoch: 35 Loss: 0.00013016 Max_MAE:  1.59971392: 100%|███████████████████████████████████████████| 2785/2785 [05:17<00:00,  8.77it/s]
Valid Epoch: 35 Loss: -0.00198924: 100%|█████████████████████████████████████████████████████████████████| 660/660 [00:29<00:00, 22.07it/s]
 
Dataset: end_point_eth_experiment, Epoch: 35
Train_loss: -1.758749311418679, Val_los: -0.8498471153504921
Min_val_epoch: 32, Min_val_loss: -1.2431044408769318
 
Train Epoch: 36 Loss: -0.00942459 Max_MAE:  0.00000024: 100%|██████████████████████████████████████████| 2785/2785 [04:49<00:00,  9.61it/s]
Train Epoch: 36 Loss: -0.01043356 Max_MAE:  0.90402985: 100%|██████████████████████████████████████████| 2785/2785 [04:59<00:00,  9.29it/s]
Valid Epoch: 36 Loss: -0.00143552: 100%|█████████████████████████████████████████████████████████████████| 660/660 [00:38<00:00, 17.06it/s]
 
Dataset: end_point_eth_experiment, Epoch: 36
Train_loss: -1.8608438428658558, Val_los: -1.0014446402137929
Min_val_epoch: 32, Min_val_loss: -1.2431044408769318
 
Train Epoch: 37 Loss: -0.01266540 Max_MAE:  0.00000024: 100%|██████████████████████████████████████████| 2785/2785 [04:53<00:00,  9.48it/s]
Train Epoch: 37 Loss: -0.01701386 Max_MAE:  1.18472433: 100%|██████████████████████████████████████████| 2785/2785 [04:52<00:00,  9.51it/s]
Valid Epoch: 37 Loss: -0.00835231: 100%|█████████████████████████████████████████████████████████████████| 660/660 [00:30<00:00, 21.38it/s]
 
Dataset: end_point_eth_experiment, Epoch: 37
Train_loss: -1.8481100634242036, Val_los: -1.3579162708737633
Min_val_epoch: 37, Min_val_loss: -1.3579162708737633
 
Train Epoch: 38 Loss: -0.01558267 Max_MAE:  0.00000048: 100%|██████████████████████████████████████████| 2785/2785 [04:57<00:00,  9.35it/s]
Train Epoch: 38 Loss: -0.01882191 Max_MAE:  0.50344288: 100%|██████████████████████████████████████████| 2785/2785 [05:05<00:00,  9.11it/s]
Valid Epoch: 38 Loss: -0.00806250: 100%|█████████████████████████████████████████████████████████████████| 660/660 [00:29<00:00, 22.21it/s]
 
Dataset: end_point_eth_experiment, Epoch: 38
Train_loss: -1.8205737780431817, Val_los: -1.2889735902800705
Min_val_epoch: 37, Min_val_loss: -1.3579162708737633
 
Train Epoch: 39 Loss: -0.00639110 Max_MAE:  0.00000095: 100%|██████████████████████████████████████████| 2785/2785 [04:34<00:00, 10.16it/s]
Train Epoch: 39 Loss: -0.01573236 Max_MAE:  2.38982868: 100%|██████████████████████████████████████████| 2785/2785 [05:03<00:00,  9.19it/s]
Valid Epoch: 39 Loss: -0.00695493: 100%|█████████████████████████████████████████████████████████████████| 660/660 [00:29<00:00, 22.13it/s]
 
Dataset: end_point_eth_experiment, Epoch: 39
Train_loss: -1.9136279746388458, Val_los: -1.1120548305186357
Min_val_epoch: 37, Min_val_loss: -1.3579162708737633
 
Train Epoch: 40 Loss: -0.01243165 Max_MAE:  0.00000024: 100%|██████████████████████████████████████████| 2785/2785 [05:05<00:00,  9.12it/s]
Train Epoch: 40 Loss: -0.01209814 Max_MAE:  1.76432419: 100%|██████████████████████████████████████████| 2785/2785 [05:23<00:00,  8.60it/s]
Valid Epoch: 40 Loss: -0.00837606: 100%|█████████████████████████████████████████████████████████████████| 660/660 [00:30<00:00, 21.83it/s]
 
Dataset: end_point_eth_experiment, Epoch: 40
Train_loss: -1.8943738668310979, Val_los: -1.1537183916026896
Min_val_epoch: 37, Min_val_loss: -1.3579162708737633
 
Train Epoch: 41 Loss: -0.01504024 Max_MAE:  0.00000024: 100%|██████████████████████████████████████████| 2785/2785 [05:29<00:00,  8.45it/s]
Train Epoch: 41 Loss: -0.01256495 Max_MAE:  0.80083299: 100%|██████████████████████████████████████████| 2785/2785 [05:27<00:00,  8.50it/s]
Valid Epoch: 41 Loss: -0.00808202: 100%|█████████████████████████████████████████████████████████████████| 660/660 [00:29<00:00, 22.18it/s]
 
Dataset: end_point_eth_experiment, Epoch: 41
Train_loss: -1.8637041326100592, Val_los: -1.1749465036572833
Min_val_epoch: 37, Min_val_loss: -1.3579162708737633
 
Train Epoch: 42 Loss: -0.01829572 Max_MAE:  0.00000024: 100%|██████████████████████████████████████████| 2785/2785 [05:15<00:00,  8.84it/s]
Train Epoch: 42 Loss: -0.02246219 Max_MAE:  0.63235950: 100%|██████████████████████████████████████████| 2785/2785 [05:26<00:00,  8.52it/s]
Valid Epoch: 42 Loss: -0.00510843: 100%|█████████████████████████████████████████████████████████████████| 660/660 [00:30<00:00, 21.95it/s]
 
Dataset: end_point_eth_experiment, Epoch: 42
Train_loss: -1.8857148830610022, Val_los: -1.2161968643015082
Min_val_epoch: 37, Min_val_loss: -1.3579162708737633
 
Train Epoch: 43 Loss: -0.01309423 Max_MAE:  0.00000001: 100%|██████████████████████████████████████████| 2785/2785 [05:18<00:00,  8.75it/s]
Train Epoch: 43 Loss: -0.01579515 Max_MAE:  0.54644674: 100%|██████████████████████████████████████████| 2785/2785 [05:24<00:00,  8.59it/s]
Valid Epoch: 43 Loss: -0.00073612: 100%|█████████████████████████████████████████████████████████████████| 660/660 [00:30<00:00, 21.93it/s]
 
Dataset: end_point_eth_experiment, Epoch: 43
Train_loss: -1.9358252169614527, Val_los: -0.8041156399430651
Min_val_epoch: 37, Min_val_loss: -1.3579162708737633
 
Train Epoch: 44 Loss: -0.02266431 Max_MAE:  0.00000012: 100%|██████████████████████████████████████████| 2785/2785 [05:10<00:00,  8.96it/s]
Train Epoch: 44 Loss: -0.01766222 Max_MAE:  0.85744220: 100%|██████████████████████████████████████████| 2785/2785 [05:26<00:00,  8.52it/s]
Valid Epoch: 44 Loss: -0.00763314: 100%|█████████████████████████████████████████████████████████████████| 660/660 [00:30<00:00, 21.89it/s]
 
Dataset: end_point_eth_experiment, Epoch: 44
Train_loss: -1.9106543993958585, Val_los: -1.3553061460003708
Min_val_epoch: 37, Min_val_loss: -1.3579162708737633
 
Train Epoch: 45 Loss: 0.02694180 Max_MAE:  0.00000001: 100%|███████████████████████████████████████████| 2785/2785 [05:20<00:00,  8.69it/s]
Train Epoch: 45 Loss: -0.01681000 Max_MAE:  0.99610901: 100%|██████████████████████████████████████████| 2785/2785 [05:25<00:00,  8.55it/s]
Valid Epoch: 45 Loss: -0.00510605: 100%|█████████████████████████████████████████████████████████████████| 660/660 [00:39<00:00, 16.86it/s]
 
Dataset: end_point_eth_experiment, Epoch: 45
Train_loss: -1.9302863921863118, Val_los: -1.3842002912001177
Min_val_epoch: 45, Min_val_loss: -1.3842002912001177
 
Train Epoch: 46 Loss: -0.00630823 Max_MAE:  0.00000000: 100%|██████████████████████████████████████████| 2785/2785 [05:23<00:00,  8.62it/s]
Train Epoch: 46 Loss: -0.01988345 Max_MAE:  0.02101421: 100%|██████████████████████████████████████████| 2785/2785 [05:18<00:00,  8.73it/s]
Valid Epoch: 46 Loss: -0.00307850: 100%|█████████████████████████████████████████████████████████████████| 660/660 [00:29<00:00, 22.12it/s]
 
Dataset: end_point_eth_experiment, Epoch: 46
Train_loss: -1.9245542353510696, Val_los: -1.1085753905953784
Min_val_epoch: 45, Min_val_loss: -1.3842002912001177
 
Train Epoch: 47 Loss: -0.01791180 Max_MAE:  0.00000000: 100%|██████████████████████████████████████████| 2785/2785 [05:18<00:00,  8.74it/s]
Train Epoch: 47 Loss: -0.00900306 Max_MAE:  1.50390482: 100%|██████████████████████████████████████████| 2785/2785 [05:24<00:00,  8.59it/s]
Valid Epoch: 47 Loss: -0.00493710: 100%|█████████████████████████████████████████████████████████████████| 660/660 [00:29<00:00, 22.14it/s]
 
Dataset: end_point_eth_experiment, Epoch: 47
Train_loss: -1.9503254154439567, Val_los: -1.1448524052446538
Min_val_epoch: 45, Min_val_loss: -1.3842002912001177
 
Train Epoch: 48 Loss: -0.00383132 Max_MAE:  0.00000001: 100%|██████████████████████████████████████████| 2785/2785 [05:13<00:00,  8.89it/s]
Train Epoch: 48 Loss: -0.01185921 Max_MAE:  1.92036819: 100%|██████████████████████████████████████████| 2785/2785 [05:18<00:00,  8.74it/s]
Valid Epoch: 48 Loss: -0.00644609: 100%|█████████████████████████████████████████████████████████████████| 660/660 [00:30<00:00, 21.96it/s]
 
Dataset: end_point_eth_experiment, Epoch: 48
Train_loss: -1.942680065781948, Val_los: -1.200773424000451
Min_val_epoch: 45, Min_val_loss: -1.3842002912001177
 
Train Epoch: 49 Loss: -0.02479100 Max_MAE:  0.00000000: 100%|██████████████████████████████████████████| 2785/2785 [05:18<00:00,  8.75it/s]
Train Epoch: 49 Loss: -0.02264621 Max_MAE:  0.39866090: 100%|██████████████████████████████████████████| 2785/2785 [05:18<00:00,  8.75it/s]
Valid Epoch: 49 Loss: -0.00426000: 100%|█████████████████████████████████████████████████████████████████| 660/660 [00:29<00:00, 22.19it/s]
 
Dataset: end_point_eth_experiment, Epoch: 49
Train_loss: -1.8737964650574248, Val_los: -1.2795711610353355
Min_val_epoch: 45, Min_val_loss: -1.3842002912001177
 
Train Epoch: 50 Loss: -0.02220234 Max_MAE:  0.00000001: 100%|██████████████████████████████████████████| 2785/2785 [05:07<00:00,  9.06it/s]
Train Epoch: 50 Loss: -0.01937917 Max_MAE:  1.21271753: 100%|██████████████████████████████████████████| 2785/2785 [05:23<00:00,  8.61it/s]
Valid Epoch: 50 Loss: -0.00776694: 100%|█████████████████████████████████████████████████████████████████| 660/660 [00:29<00:00, 22.00it/s]
 
Dataset: end_point_eth_experiment, Epoch: 50
Train_loss: -1.9276544074315571, Val_los: -1.2915375416929071
Min_val_epoch: 45, Min_val_loss: -1.3842002912001177
 
Train Epoch: 51 Loss: -0.02066758 Max_MAE:  0.00000024: 100%|██████████████████████████████████████████| 2785/2785 [05:02<00:00,  9.19it/s]
Train Epoch: 51 Loss: -0.02081757 Max_MAE:  1.34060097: 100%|██████████████████████████████████████████| 2785/2785 [05:10<00:00,  8.97it/s]
Valid Epoch: 51 Loss: -0.00062632: 100%|█████████████████████████████████████████████████████████████████| 660/660 [00:36<00:00, 18.30it/s]
 
Dataset: end_point_eth_experiment, Epoch: 51
Train_loss: -2.0118964684006877, Val_los: -0.8327777075045036
Min_val_epoch: 45, Min_val_loss: -1.3842002912001177
 
Train Epoch: 52 Loss: -0.02020684 Max_MAE:  0.00000024: 100%|██████████████████████████████████████████| 2785/2785 [05:23<00:00,  8.60it/s]
Train Epoch: 52 Loss: -0.01686877 Max_MAE:  0.84715939: 100%|██████████████████████████████████████████| 2785/2785 [05:22<00:00,  8.62it/s]
Valid Epoch: 52 Loss: -0.00505342: 100%|█████████████████████████████████████████████████████████████████| 660/660 [00:29<00:00, 22.08it/s]
 
Dataset: end_point_eth_experiment, Epoch: 52
Train_loss: -1.9704037397110055, Val_los: -1.2712626448183348
Min_val_epoch: 45, Min_val_loss: -1.3842002912001177
 
Train Epoch: 53 Loss: -0.01328315 Max_MAE:  0.00000095: 100%|██████████████████████████████████████████| 2785/2785 [05:02<00:00,  9.20it/s]
Train Epoch: 53 Loss: -0.01042072 Max_MAE:  1.47659254: 100%|██████████████████████████████████████████| 2785/2785 [05:04<00:00,  9.16it/s]
Valid Epoch: 53 Loss: -0.00903487: 100%|█████████████████████████████████████████████████████████████████| 660/660 [00:29<00:00, 22.16it/s]
 
Dataset: end_point_eth_experiment, Epoch: 53
Train_loss: -1.9604122413548053, Val_los: -1.5228352468122135
Min_val_epoch: 53, Min_val_loss: -1.5228352468122135
 
Train Epoch: 54 Loss: -0.01232411 Max_MAE:  0.00000000: 100%|██████████████████████████████████████████| 2785/2785 [05:00<00:00,  9.26it/s]
Train Epoch: 54 Loss: -0.02050106 Max_MAE:  0.21285295: 100%|██████████████████████████████████████████| 2785/2785 [05:03<00:00,  9.16it/s]
Valid Epoch: 54 Loss: -0.00570070: 100%|█████████████████████████████████████████████████████████████████| 660/660 [00:29<00:00, 22.15it/s]
 
Dataset: end_point_eth_experiment, Epoch: 54
Train_loss: -2.0311440101966824, Val_los: -1.2037458758462558
Min_val_epoch: 53, Min_val_loss: -1.5228352468122135
 
Train Epoch: 55 Loss: -0.02576653 Max_MAE:  0.00000000: 100%|██████████████████████████████████████████| 2785/2785 [04:59<00:00,  9.29it/s]
Train Epoch: 55 Loss: -0.01920391 Max_MAE:  1.28400946: 100%|██████████████████████████████████████████| 2785/2785 [05:29<00:00,  8.46it/s]
Valid Epoch: 55 Loss: -0.00556202: 100%|█████████████████████████████████████████████████████████████████| 660/660 [00:29<00:00, 22.13it/s]
 
Dataset: end_point_eth_experiment, Epoch: 55
Train_loss: -2.063391731965859, Val_los: -1.3790575435667327
Min_val_epoch: 53, Min_val_loss: -1.5228352468122135
 
Train Epoch: 56 Loss: -0.01538834 Max_MAE:  0.00000006: 100%|██████████████████████████████████████████| 2785/2785 [05:18<00:00,  8.74it/s]
Train Epoch: 56 Loss: -0.00575867 Max_MAE:  1.42646503: 100%|██████████████████████████████████████████| 2785/2785 [05:22<00:00,  8.64it/s]
Valid Epoch: 56 Loss: -0.00871363: 100%|█████████████████████████████████████████████████████████████████| 660/660 [00:29<00:00, 22.07it/s]
 
Dataset: end_point_eth_experiment, Epoch: 56
Train_loss: -1.9902645303668784, Val_los: -1.3905131988453143
Min_val_epoch: 53, Min_val_loss: -1.5228352468122135
 
Train Epoch: 57 Loss: -0.00995572 Max_MAE:  0.00000095: 100%|██████████████████████████████████████████| 2785/2785 [05:17<00:00,  8.76it/s]
Train Epoch: 57 Loss: -0.01754161 Max_MAE:  0.41772175: 100%|██████████████████████████████████████████| 2785/2785 [05:23<00:00,  8.60it/s]
Valid Epoch: 57 Loss: -0.00716354: 100%|█████████████████████████████████████████████████████████████████| 660/660 [00:29<00:00, 22.13it/s]
 
Dataset: end_point_eth_experiment, Epoch: 57
Train_loss: -1.9755853312554865, Val_los: -1.3654450944878838
Min_val_epoch: 53, Min_val_loss: -1.5228352468122135
 
Train Epoch: 58 Loss: -0.02346489 Max_MAE:  0.00000095: 100%|██████████████████████████████████████████| 2785/2785 [05:18<00:00,  8.74it/s]
Train Epoch: 58 Loss: -0.01936889 Max_MAE:  0.97918129: 100%|██████████████████████████████████████████| 2785/2785 [05:22<00:00,  8.64it/s]
Valid Epoch: 58 Loss: -0.00791279: 100%|█████████████████████████████████████████████████████████████████| 660/660 [00:29<00:00, 22.07it/s]
 
Dataset: end_point_eth_experiment, Epoch: 58
Train_loss: -2.0176998724652657, Val_los: -1.05054662751429
Min_val_epoch: 53, Min_val_loss: -1.5228352468122135
 
Train Epoch: 59 Loss: -0.02225315 Max_MAE:  0.00000048: 100%|██████████████████████████████████████████| 2785/2785 [05:17<00:00,  8.78it/s]
Train Epoch: 59 Loss: -0.00723300 Max_MAE:  1.61541367: 100%|██████████████████████████████████████████| 2785/2785 [05:25<00:00,  8.55it/s]
Valid Epoch: 59 Loss: -0.00724865: 100%|█████████████████████████████████████████████████████████████████| 660/660 [00:29<00:00, 22.13it/s]
 
Dataset: end_point_eth_experiment, Epoch: 59
Train_loss: -2.0203603848570846, Val_los: -1.5375877805731513
Min_val_epoch: 59, Min_val_loss: -1.5375877805731513
 
Train Epoch: 60 Loss: -0.01711668 Max_MAE:  0.00000024: 100%|██████████████████████████████████████████| 2785/2785 [05:18<00:00,  8.75it/s]
Train Epoch: 60 Loss: -0.01634379 Max_MAE:  0.70333982: 100%|██████████████████████████████████████████| 2785/2785 [05:22<00:00,  8.63it/s]
Valid Epoch: 60 Loss: -0.00537788: 100%|█████████████████████████████████████████████████████████████████| 660/660 [00:29<00:00, 22.08it/s]
 
Dataset: end_point_eth_experiment, Epoch: 60
Train_loss: -2.0193735443563927, Val_los: -1.403615035884308
Min_val_epoch: 59, Min_val_loss: -1.5375877805731513
 
Train Epoch: 61 Loss: -0.01291650 Max_MAE:  0.00000024: 100%|██████████████████████████████████████████| 2785/2785 [04:59<00:00,  9.31it/s]
Train Epoch: 61 Loss: -0.01636109 Max_MAE:  0.86173761: 100%|██████████████████████████████████████████| 2785/2785 [05:06<00:00,  9.08it/s]
Valid Epoch: 61 Loss: -0.00726103: 100%|█████████████████████████████████████████████████████████████████| 660/660 [00:29<00:00, 22.18it/s]
 
Dataset: end_point_eth_experiment, Epoch: 61
Train_loss: -2.017311686715462, Val_los: -1.4163808357534986
Min_val_epoch: 59, Min_val_loss: -1.5375877805731513
 
Train Epoch: 62 Loss: -0.02198375 Max_MAE:  0.00000006: 100%|██████████████████████████████████████████| 2785/2785 [05:12<00:00,  8.91it/s]
Train Epoch: 62 Loss: -0.01065490 Max_MAE:  1.93084705: 100%|██████████████████████████████████████████| 2785/2785 [05:23<00:00,  8.62it/s]
Valid Epoch: 62 Loss: -0.00282807: 100%|█████████████████████████████████████████████████████████████████| 660/660 [00:30<00:00, 21.76it/s]
 
Dataset: end_point_eth_experiment, Epoch: 62
Train_loss: -2.0600196514659874, Val_los: -1.2204119965885625
Min_val_epoch: 59, Min_val_loss: -1.5375877805731513
 
Train Epoch: 63 Loss: -0.01760765 Max_MAE:  0.00000000: 100%|██████████████████████████████████████████| 2785/2785 [05:21<00:00,  8.67it/s]
Train Epoch: 63 Loss: -0.00540099 Max_MAE:  1.00977039: 100%|██████████████████████████████████████████| 2785/2785 [05:24<00:00,  8.59it/s]
Valid Epoch: 63 Loss: -0.00697252: 100%|█████████████████████████████████████████████████████████████████| 660/660 [00:36<00:00, 17.94it/s]
 
Dataset: end_point_eth_experiment, Epoch: 63
Train_loss: -2.032694131773654, Val_los: -1.4440964857737224
Min_val_epoch: 59, Min_val_loss: -1.5375877805731513
 
Train Epoch: 64 Loss: -0.01277017 Max_MAE:  0.00000095: 100%|██████████████████████████████████████████| 2785/2785 [05:09<00:00,  9.01it/s]
Train Epoch: 64 Loss: -0.01322735 Max_MAE:  1.28822064: 100%|██████████████████████████████████████████| 2785/2785 [05:07<00:00,  9.05it/s]
Valid Epoch: 64 Loss: -0.00640093: 100%|█████████████████████████████████████████████████████████████████| 660/660 [00:30<00:00, 21.83it/s]
 
Dataset: end_point_eth_experiment, Epoch: 64
Train_loss: -2.029935222456175, Val_los: -1.4188348060304468
Min_val_epoch: 59, Min_val_loss: -1.5375877805731513
 
Train Epoch: 65 Loss: -0.02162990 Max_MAE:  0.00000024: 100%|██████████████████████████████████████████| 2785/2785 [05:20<00:00,  8.69it/s]
Train Epoch: 65 Loss: -0.01299145 Max_MAE:  1.08147216: 100%|██████████████████████████████████████████| 2785/2785 [05:08<00:00,  9.04it/s]
Valid Epoch: 65 Loss: -0.00661914: 100%|█████████████████████████████████████████████████████████████████| 660/660 [00:30<00:00, 21.87it/s]
 
Dataset: end_point_eth_experiment, Epoch: 65
Train_loss: -2.046472769516856, Val_los: -1.4086357365051905
Min_val_epoch: 59, Min_val_loss: -1.5375877805731513
 
Train Epoch: 66 Loss: -0.02084680 Max_MAE:  0.00000000: 100%|██████████████████████████████████████████| 2785/2785 [05:15<00:00,  8.82it/s]
Train Epoch: 66 Loss: -0.02044532 Max_MAE:  1.52422905: 100%|██████████████████████████████████████████| 2785/2785 [05:20<00:00,  8.69it/s]
Valid Epoch: 66 Loss: -0.00980630: 100%|█████████████████████████████████████████████████████████████████| 660/660 [00:30<00:00, 21.76it/s]
 
Dataset: end_point_eth_experiment, Epoch: 66
Train_loss: -2.044370263374847, Val_los: -1.4972896753838567
Min_val_epoch: 59, Min_val_loss: -1.5375877805731513
 
Train Epoch: 67 Loss: -0.00817799 Max_MAE:  0.00000048: 100%|██████████████████████████████████████████| 2785/2785 [05:13<00:00,  8.89it/s]
Train Epoch: 67 Loss: -0.02424617 Max_MAE:  0.84391260: 100%|██████████████████████████████████████████| 2785/2785 [05:18<00:00,  8.74it/s]
Valid Epoch: 67 Loss: -0.00602647: 100%|█████████████████████████████████████████████████████████████████| 660/660 [00:30<00:00, 21.92it/s]
 
Dataset: end_point_eth_experiment, Epoch: 67
Train_loss: -2.073037049456548, Val_los: -1.3712108530781486
Min_val_epoch: 59, Min_val_loss: -1.5375877805731513
 
Train Epoch: 68 Loss: -0.01171204 Max_MAE:  0.00000048: 100%|██████████████████████████████████████████| 2785/2785 [05:19<00:00,  8.70it/s]
Train Epoch: 68 Loss: -0.01541195 Max_MAE:  1.26191044: 100%|██████████████████████████████████████████| 2785/2785 [05:26<00:00,  8.53it/s]
Valid Epoch: 68 Loss: -0.00870696: 100%|█████████████████████████████████████████████████████████████████| 660/660 [00:29<00:00, 22.06it/s]
 
Dataset: end_point_eth_experiment, Epoch: 68
Train_loss: -2.082656035125523, Val_los: -1.4757731872977633
Min_val_epoch: 59, Min_val_loss: -1.5375877805731513
 
Train Epoch: 69 Loss: -0.01535283 Max_MAE:  0.00000072: 100%|██████████████████████████████████████████| 2785/2785 [05:20<00:00,  8.69it/s]
Train Epoch: 69 Loss: -0.01193185 Max_MAE:  2.05973339: 100%|██████████████████████████████████████████| 2785/2785 [05:23<00:00,  8.62it/s]
Valid Epoch: 69 Loss: -0.00882077: 100%|█████████████████████████████████████████████████████████████████| 660/660 [00:29<00:00, 22.07it/s]
 
Dataset: end_point_eth_experiment, Epoch: 69
Train_loss: -2.0590122902187344, Val_los: -1.5278959755644654
Min_val_epoch: 59, Min_val_loss: -1.5375877805731513
 
Train Epoch: 70 Loss: -0.02329922 Max_MAE:  0.00000024: 100%|██████████████████████████████████████████| 2785/2785 [05:17<00:00,  8.78it/s]
Train Epoch: 70 Loss: -0.00735097 Max_MAE:  1.31220603: 100%|██████████████████████████████████████████| 2785/2785 [05:26<00:00,  8.54it/s]
Valid Epoch: 70 Loss: -0.00036513: 100%|█████████████████████████████████████████████████████████████████| 660/660 [00:29<00:00, 22.20it/s]
 
Dataset: end_point_eth_experiment, Epoch: 70
Train_loss: -2.096132004080437, Val_los: -0.8519350426666664
Min_val_epoch: 59, Min_val_loss: -1.5375877805731513
 
Train Epoch: 71 Loss: -0.02287068 Max_MAE:  0.00000024: 100%|██████████████████████████████████████████| 2785/2785 [05:17<00:00,  8.76it/s]
Train Epoch: 71 Loss: -0.01988699 Max_MAE:  0.56283307: 100%|██████████████████████████████████████████| 2785/2785 [05:29<00:00,  8.44it/s]
Valid Epoch: 71 Loss: -0.00597818: 100%|█████████████████████████████████████████████████████████████████| 660/660 [00:29<00:00, 22.15it/s]
 
Dataset: end_point_eth_experiment, Epoch: 71
Train_loss: -2.097583381742025, Val_los: -1.4986829605969516
Min_val_epoch: 59, Min_val_loss: -1.5375877805731513
 
Train Epoch: 72 Loss: -0.02058558 Max_MAE:  0.00000036: 100%|██████████████████████████████████████████| 2785/2785 [05:17<00:00,  8.78it/s]
Train Epoch: 72 Loss: -0.00333528 Max_MAE:  1.70202482: 100%|██████████████████████████████████████████| 2785/2785 [05:21<00:00,  8.66it/s]
Valid Epoch: 72 Loss: -0.00848923: 100%|█████████████████████████████████████████████████████████████████| 660/660 [00:29<00:00, 22.18it/s]
 
Dataset: end_point_eth_experiment, Epoch: 72
Train_loss: -2.104847342488849, Val_los: -1.5850196780580463
Min_val_epoch: 72, Min_val_loss: -1.5850196780580463
 
Train Epoch: 73 Loss: -0.01720331 Max_MAE:  0.00000024: 100%|██████████████████████████████████████████| 2785/2785 [05:07<00:00,  9.06it/s]
Train Epoch: 73 Loss: -0.01038120 Max_MAE:  1.81624174: 100%|██████████████████████████████████████████| 2785/2785 [05:11<00:00,  8.95it/s]
Valid Epoch: 73 Loss: -0.00858275: 100%|█████████████████████████████████████████████████████████████████| 660/660 [00:29<00:00, 22.10it/s]
 
Dataset: end_point_eth_experiment, Epoch: 73
Train_loss: -2.132283592607017, Val_los: -1.2302492113727512
Min_val_epoch: 72, Min_val_loss: -1.5850196780580463
 
Train Epoch: 74 Loss: -0.01133243 Max_MAE:  0.00000024: 100%|██████████████████████████████████████████| 2785/2785 [05:07<00:00,  9.05it/s]
Train Epoch: 74 Loss: -0.02195099 Max_MAE:  0.27514935: 100%|██████████████████████████████████████████| 2785/2785 [05:17<00:00,  8.78it/s]
Valid Epoch: 74 Loss: -0.00779446: 100%|█████████████████████████████████████████████████████████████████| 660/660 [00:29<00:00, 22.09it/s]
 
Dataset: end_point_eth_experiment, Epoch: 74
Train_loss: -2.083715184327195, Val_los: -1.660359079639117
Min_val_epoch: 74, Min_val_loss: -1.660359079639117
 
Train Epoch: 75 Loss: -0.01061452 Max_MAE:  0.00000048: 100%|██████████████████████████████████████████| 2785/2785 [05:10<00:00,  8.98it/s]
Train Epoch: 75 Loss: -0.02222655 Max_MAE:  0.47863221: 100%|██████████████████████████████████████████| 2785/2785 [05:04<00:00,  9.16it/s]
Valid Epoch: 75 Loss: -0.00551692: 100%|█████████████████████████████████████████████████████████████████| 660/660 [00:41<00:00, 16.04it/s]
 
Dataset: end_point_eth_experiment, Epoch: 75
Train_loss: -2.0661977990204385, Val_los: -1.6483348690199129
Min_val_epoch: 74, Min_val_loss: -1.660359079639117
 
Train Epoch: 76 Loss: -0.01183920 Max_MAE:  0.00000024: 100%|██████████████████████████████████████████| 2785/2785 [05:14<00:00,  8.85it/s]
Train Epoch: 76 Loss: -0.01222128 Max_MAE:  2.02411532: 100%|██████████████████████████████████████████| 2785/2785 [05:19<00:00,  8.72it/s]
Valid Epoch: 76 Loss: -0.00506185: 100%|█████████████████████████████████████████████████████████████████| 660/660 [00:30<00:00, 21.90it/s]
 
Dataset: end_point_eth_experiment, Epoch: 76
Train_loss: -2.126666708221689, Val_los: -1.5384474658604823
Min_val_epoch: 74, Min_val_loss: -1.660359079639117
 
Train Epoch: 77 Loss: -0.02349599 Max_MAE:  0.00000000: 100%|██████████████████████████████████████████| 2785/2785 [05:21<00:00,  8.66it/s]
Train Epoch: 77 Loss: -0.01370904 Max_MAE:  1.47159910: 100%|██████████████████████████████████████████| 2785/2785 [05:22<00:00,  8.64it/s]
Valid Epoch: 77 Loss: -0.00754042: 100%|█████████████████████████████████████████████████████████████████| 660/660 [00:40<00:00, 16.48it/s]
 
Dataset: end_point_eth_experiment, Epoch: 77
Train_loss: -2.122862883546194, Val_los: -1.6428761873281363
Min_val_epoch: 74, Min_val_loss: -1.660359079639117
 
Train Epoch: 78 Loss: -0.01457686 Max_MAE:  0.00000048: 100%|██████████████████████████████████████████| 2785/2785 [05:18<00:00,  8.75it/s]
Train Epoch: 78 Loss: -0.01866106 Max_MAE:  1.17938042: 100%|██████████████████████████████████████████| 2785/2785 [05:21<00:00,  8.66it/s]
Valid Epoch: 78 Loss: -0.00593749: 100%|█████████████████████████████████████████████████████████████████| 660/660 [00:29<00:00, 22.19it/s]
 
Dataset: end_point_eth_experiment, Epoch: 78
Train_loss: -2.118690726236579, Val_los: -1.5200934823715326
Min_val_epoch: 74, Min_val_loss: -1.660359079639117
 
Train Epoch: 79 Loss: -0.03125353 Max_MAE:  0.00000000: 100%|██████████████████████████████████████████| 2785/2785 [05:02<00:00,  9.21it/s]
Train Epoch: 79 Loss: -0.01488237 Max_MAE:  1.14436746: 100%|██████████████████████████████████████████| 2785/2785 [05:52<00:00,  7.89it/s]
Valid Epoch: 79 Loss: -0.00804624: 100%|█████████████████████████████████████████████████████████████████| 660/660 [00:58<00:00, 11.35it/s]
 
Dataset: end_point_eth_experiment, Epoch: 79
Train_loss: -2.1208011495989463, Val_los: -1.6183819102518486
Min_val_epoch: 74, Min_val_loss: -1.660359079639117
 
Train Epoch: 80 Loss: -0.02834628 Max_MAE:  0.00000000: 100%|██████████████████████████████████████████| 2785/2785 [07:20<00:00,  6.32it/s]
Train Epoch: 80 Loss: -0.01591577 Max_MAE:  0.93135357: 100%|██████████████████████████████████████████| 2785/2785 [07:24<00:00,  6.26it/s]
Valid Epoch: 80 Loss: -0.00705330: 100%|█████████████████████████████████████████████████████████████████| 660/660 [01:05<00:00, 10.06it/s]
 
Dataset: end_point_eth_experiment, Epoch: 80
Train_loss: -2.1584310759788568, Val_los: -1.4498700875224488
Min_val_epoch: 74, Min_val_loss: -1.660359079639117
 
Train Epoch: 81 Loss: -0.02450475 Max_MAE:  0.00000024: 100%|██████████████████████████████████████████| 2785/2785 [07:07<00:00,  6.51it/s]
Train Epoch: 81 Loss: -0.02010156 Max_MAE:  2.28584266: 100%|██████████████████████████████████████████| 2785/2785 [07:15<00:00,  6.39it/s]
Valid Epoch: 81 Loss: -0.00645042: 100%|█████████████████████████████████████████████████████████████████| 660/660 [01:29<00:00,  7.39it/s]
 
Dataset: end_point_eth_experiment, Epoch: 81
Train_loss: -2.1275204192756725, Val_los: -1.607524085406101
Min_val_epoch: 74, Min_val_loss: -1.660359079639117
 
Train Epoch: 82 Loss: -0.00740892 Max_MAE:  0.00000072: 100%|██████████████████████████████████████████| 2785/2785 [07:12<00:00,  6.44it/s]
Train Epoch: 82 Loss: -0.01750911 Max_MAE:  2.22878027: 100%|██████████████████████████████████████████| 2785/2785 [07:16<00:00,  6.38it/s]
Valid Epoch: 82 Loss: -0.00690949: 100%|█████████████████████████████████████████████████████████████████| 660/660 [00:52<00:00, 12.59it/s]
 
Dataset: end_point_eth_experiment, Epoch: 82
Train_loss: -2.1513109943687354, Val_los: -1.5774434729055924
Min_val_epoch: 74, Min_val_loss: -1.660359079639117
 
Train Epoch: 83 Loss: -0.01775659 Max_MAE:  0.00000095: 100%|██████████████████████████████████████████| 2785/2785 [07:51<00:00,  5.91it/s]
Train Epoch: 83 Loss: -0.01149449 Max_MAE:  1.21020484: 100%|██████████████████████████████████████████| 2785/2785 [07:16<00:00,  6.39it/s]
Valid Epoch: 83 Loss: -0.00624003: 100%|█████████████████████████████████████████████████████████████████| 660/660 [00:52<00:00, 12.54it/s]
 
Dataset: end_point_eth_experiment, Epoch: 83
Train_loss: -2.131498107893804, Val_los: -1.4702685914256357
Min_val_epoch: 74, Min_val_loss: -1.660359079639117
 
Train Epoch: 84 Loss: -0.01760833 Max_MAE:  0.00000003: 100%|██████████████████████████████████████████| 2785/2785 [07:46<00:00,  5.97it/s]
Train Epoch: 84 Loss: -0.01196552 Max_MAE:  1.86747694: 100%|██████████████████████████████████████████| 2785/2785 [07:20<00:00,  6.33it/s]
Valid Epoch: 84 Loss: -0.00577335: 100%|█████████████████████████████████████████████████████████████████| 660/660 [00:53<00:00, 12.37it/s]
 
Dataset: end_point_eth_experiment, Epoch: 84
Train_loss: -2.1074008091234164, Val_los: -1.6067239199623917
Min_val_epoch: 74, Min_val_loss: -1.660359079639117
 
Train Epoch: 85 Loss: -0.01773163 Max_MAE:  0.00000001: 100%|██████████████████████████████████████████| 2785/2785 [07:50<00:00,  5.92it/s]
Train Epoch: 85 Loss: -0.01715682 Max_MAE:  1.29642105: 100%|██████████████████████████████████████████| 2785/2785 [07:12<00:00,  6.44it/s]
Valid Epoch: 85 Loss: -0.00856319: 100%|█████████████████████████████████████████████████████████████████| 660/660 [00:55<00:00, 11.95it/s]
 
Dataset: end_point_eth_experiment, Epoch: 85
Train_loss: -2.0981212944073246, Val_los: -1.5115687163490237
Min_val_epoch: 74, Min_val_loss: -1.660359079639117
 
Train Epoch: 86 Loss: -0.01812510 Max_MAE:  0.00000095: 100%|██████████████████████████████████████████| 2785/2785 [07:22<00:00,  6.29it/s]
Train Epoch: 86 Loss: -0.00973230 Max_MAE:  2.35583973: 100%|██████████████████████████████████████████| 2785/2785 [07:29<00:00,  6.20it/s]
Valid Epoch: 86 Loss: -0.00765467: 100%|█████████████████████████████████████████████████████████████████| 660/660 [01:01<00:00, 10.73it/s]
 
Dataset: end_point_eth_experiment, Epoch: 86
Train_loss: -2.1666005598237366, Val_los: -1.5881547456437892
Min_val_epoch: 74, Min_val_loss: -1.660359079639117
 
Train Epoch: 87 Loss: -0.02289324 Max_MAE:  0.00000000: 100%|██████████████████████████████████████████| 2785/2785 [07:07<00:00,  6.51it/s]
Train Epoch: 87 Loss: -0.01694754 Max_MAE:  1.03184986: 100%|██████████████████████████████████████████| 2785/2785 [07:15<00:00,  6.39it/s]
Valid Epoch: 87 Loss: -0.00670125: 100%|█████████████████████████████████████████████████████████████████| 660/660 [01:25<00:00,  7.70it/s]
 
Dataset: end_point_eth_experiment, Epoch: 87
Train_loss: -2.1496763021128396, Val_los: -1.6161812295516331
Min_val_epoch: 74, Min_val_loss: -1.660359079639117
 
Train Epoch: 88 Loss: -0.01886801 Max_MAE:  0.00000024: 100%|██████████████████████████████████████████| 2785/2785 [07:16<00:00,  6.37it/s]
Train Epoch: 88 Loss: -0.01538789 Max_MAE:  0.93635809: 100%|██████████████████████████████████████████| 2785/2785 [07:17<00:00,  6.37it/s]
Valid Epoch: 88 Loss: -0.00773404: 100%|█████████████████████████████████████████████████████████████████| 660/660 [01:26<00:00,  7.66it/s]
 
Dataset: end_point_eth_experiment, Epoch: 88
Train_loss: -2.143183462725387, Val_los: -1.4474806342161064
Min_val_epoch: 74, Min_val_loss: -1.660359079639117
 
Train Epoch: 89 Loss: -0.01915048 Max_MAE:  0.00000024: 100%|██████████████████████████████████████████| 2785/2785 [07:16<00:00,  6.39it/s]
Train Epoch: 89 Loss: -0.02150781 Max_MAE:  0.25416279: 100%|██████████████████████████████████████████| 2785/2785 [07:06<00:00,  6.52it/s]
Valid Epoch: 89 Loss: -0.00544609: 100%|█████████████████████████████████████████████████████████████████| 660/660 [00:54<00:00, 12.07it/s]
 
Dataset: end_point_eth_experiment, Epoch: 89
Train_loss: -2.1791889569098446, Val_los: -1.4071993320277243
Min_val_epoch: 74, Min_val_loss: -1.660359079639117
 
Train Epoch: 90 Loss: -0.02862200 Max_MAE:  0.00000024: 100%|██████████████████████████████████████████| 2785/2785 [07:45<00:00,  5.98it/s]
Train Epoch: 90 Loss: -0.02129899 Max_MAE:  0.27443981: 100%|██████████████████████████████████████████| 2785/2785 [07:07<00:00,  6.51it/s]
Valid Epoch: 90 Loss: -0.00735132: 100%|█████████████████████████████████████████████████████████████████| 660/660 [00:59<00:00, 11.04it/s]
 
Dataset: end_point_eth_experiment, Epoch: 90
Train_loss: -2.1886640856838393, Val_los: -1.6673237453807483
Min_val_epoch: 90, Min_val_loss: -1.6673237453807483
 
Train Epoch: 91 Loss: -0.01899956 Max_MAE:  0.00000024: 100%|██████████████████████████████████████████| 2785/2785 [07:25<00:00,  6.25it/s]
Train Epoch: 91 Loss: -0.00531340 Max_MAE:  0.55675650: 100%|██████████████████████████████████████████| 2785/2785 [07:30<00:00,  6.18it/s]
Valid Epoch: 91 Loss: -0.00633552: 100%|█████████████████████████████████████████████████████████████████| 660/660 [01:01<00:00, 10.74it/s]
 
Dataset: end_point_eth_experiment, Epoch: 91
Train_loss: -2.1773019074216564, Val_los: -1.575369589527448
Min_val_epoch: 90, Min_val_loss: -1.6673237453807483
 
Train Epoch: 92 Loss: -0.01932145 Max_MAE:  0.00000000: 100%|██████████████████████████████████████████| 2785/2785 [07:24<00:00,  6.26it/s]
Train Epoch: 92 Loss: -0.01813029 Max_MAE:  1.58336067: 100%|██████████████████████████████████████████| 2785/2785 [07:30<00:00,  6.18it/s]
Valid Epoch: 92 Loss: -0.00661165: 100%|█████████████████████████████████████████████████████████████████| 660/660 [01:02<00:00, 10.52it/s]
 
Dataset: end_point_eth_experiment, Epoch: 92
Train_loss: -2.2066291836369616, Val_los: -1.6634031116059331
Min_val_epoch: 90, Min_val_loss: -1.6673237453807483
 
Train Epoch: 93 Loss: -0.02503632 Max_MAE:  0.00000048: 100%|██████████████████████████████████████████| 2785/2785 [07:23<00:00,  6.28it/s]
Train Epoch: 93 Loss: -0.01289256 Max_MAE:  2.07586002: 100%|██████████████████████████████████████████| 2785/2785 [07:29<00:00,  6.20it/s]
Valid Epoch: 93 Loss: -0.00626780: 100%|█████████████████████████████████████████████████████████████████| 660/660 [01:04<00:00, 10.20it/s]
 
Dataset: end_point_eth_experiment, Epoch: 93
Train_loss: -2.17756944360877, Val_los: -1.6951410381179868
Min_val_epoch: 93, Min_val_loss: -1.6951410381179868
 
Train Epoch: 94 Loss: -0.02681951 Max_MAE:  0.00000001: 100%|██████████████████████████████████████████| 2785/2785 [07:19<00:00,  6.34it/s]
Train Epoch: 94 Loss: -0.02266625 Max_MAE:  1.40706682: 100%|██████████████████████████████████████████| 2785/2785 [07:33<00:00,  6.13it/s]
Valid Epoch: 94 Loss: -0.00842336: 100%|█████████████████████████████████████████████████████████████████| 660/660 [01:05<00:00, 10.07it/s]
 
Dataset: end_point_eth_experiment, Epoch: 94
Train_loss: -2.1737990756905377, Val_los: -1.3617426627513134
Min_val_epoch: 93, Min_val_loss: -1.6951410381179868
 
Train Epoch: 95 Loss: -0.00874003 Max_MAE:  0.00000048: 100%|██████████████████████████████████████████| 2785/2785 [07:16<00:00,  6.38it/s]
Train Epoch: 95 Loss: -0.01723151 Max_MAE:  0.88872051: 100%|██████████████████████████████████████████| 2785/2785 [07:13<00:00,  6.43it/s]
Valid Epoch: 95 Loss: -0.00795031: 100%|█████████████████████████████████████████████████████████████████| 660/660 [01:25<00:00,  7.69it/s]
 
Dataset: end_point_eth_experiment, Epoch: 95
Train_loss: -2.1553704048374827, Val_los: -1.7033455045837345
Min_val_epoch: 95, Min_val_loss: -1.7033455045837345
 
Train Epoch: 96 Loss: -0.01088119 Max_MAE:  0.00000000: 100%|██████████████████████████████████████████| 2785/2785 [07:09<00:00,  6.48it/s]
Train Epoch: 96 Loss: -0.02013258 Max_MAE:  2.66677833: 100%|██████████████████████████████████████████| 2785/2785 [07:03<00:00,  6.58it/s]
Valid Epoch: 96 Loss: -0.00666118: 100%|█████████████████████████████████████████████████████████████████| 660/660 [00:59<00:00, 11.09it/s]
 
Dataset: end_point_eth_experiment, Epoch: 96
Train_loss: -2.1887952969996407, Val_los: -1.6633346132256768
Min_val_epoch: 95, Min_val_loss: -1.7033455045837345
 
Train Epoch: 97 Loss: -0.01930706 Max_MAE:  0.00000000: 100%|██████████████████████████████████████████| 2785/2785 [07:21<00:00,  6.31it/s]
Train Epoch: 97 Loss: -0.01334746 Max_MAE:  2.01441789: 100%|██████████████████████████████████████████| 2785/2785 [07:23<00:00,  6.27it/s]
Valid Epoch: 97 Loss: -0.00752464: 100%|█████████████████████████████████████████████████████████████████| 660/660 [01:05<00:00, 10.00it/s]
 
Dataset: end_point_eth_experiment, Epoch: 97
Train_loss: -2.1773636986837595, Val_los: -1.5743905209230653
Min_val_epoch: 95, Min_val_loss: -1.7033455045837345
 
Train Epoch: 98 Loss: -0.00999378 Max_MAE:  0.00000024: 100%|██████████████████████████████████████████| 2785/2785 [07:13<00:00,  6.43it/s]
Train Epoch: 98 Loss: -0.01675675 Max_MAE:  1.97316647: 100%|██████████████████████████████████████████| 2785/2785 [07:11<00:00,  6.45it/s]
Valid Epoch: 98 Loss: -0.00573904: 100%|█████████████████████████████████████████████████████████████████| 660/660 [01:28<00:00,  7.48it/s]
 
Dataset: end_point_eth_experiment, Epoch: 98
Train_loss: -2.1978131214116616, Val_los: -1.6370529077269815
Min_val_epoch: 95, Min_val_loss: -1.7033455045837345
 
Train Epoch: 99 Loss: -0.02485060 Max_MAE:  0.00000000: 100%|██████████████████████████████████████████| 2785/2785 [07:13<00:00,  6.42it/s]
Train Epoch: 99 Loss: -0.01308096 Max_MAE:  2.44535732: 100%|██████████████████████████████████████████| 2785/2785 [07:20<00:00,  6.32it/s]
Valid Epoch: 99 Loss: -0.00657194: 100%|█████████████████████████████████████████████████████████████████| 660/660 [01:27<00:00,  7.56it/s]
 
Dataset: end_point_eth_experiment, Epoch: 99
Train_loss: -2.1751444639099673, Val_los: -1.7205737029964274
Min_val_epoch: 99, Min_val_loss: -1.7205737029964274
 
Train Epoch: 100 Loss: -0.00831538 Max_MAE:  0.00000006: 100%|█████████████████████████████████████████| 2785/2785 [07:16<00:00,  6.39it/s]
Train Epoch: 100 Loss: -0.02271020 Max_MAE:  0.91416252: 100%|█████████████████████████████████████████| 2785/2785 [07:10<00:00,  6.48it/s]
Valid Epoch: 100 Loss: -0.00448600: 100%|████████████████████████████████████████████████████████████████| 660/660 [00:53<00:00, 12.36it/s]
 
Dataset: end_point_eth_experiment, Epoch: 100
Train_loss: -2.220406891250752, Val_los: -1.5408425599336624
Min_val_epoch: 99, Min_val_loss: -1.7205737029964274
 
Train Epoch: 101 Loss: -0.02848955 Max_MAE:  0.00000048: 100%|█████████████████████████████████████████| 2785/2785 [07:40<00:00,  6.05it/s]
Train Epoch: 101 Loss: -0.01706226 Max_MAE:  0.76312065: 100%|█████████████████████████████████████████| 2785/2785 [07:16<00:00,  6.39it/s]
Valid Epoch: 101 Loss: -0.00598607: 100%|████████████████████████████████████████████████████████████████| 660/660 [00:58<00:00, 11.33it/s]
 
Dataset: end_point_eth_experiment, Epoch: 101
Train_loss: -2.200945623416982, Val_los: -1.4974137113852934
Min_val_epoch: 99, Min_val_loss: -1.7205737029964274
 
Train Epoch: 102 Loss: -0.02494327 Max_MAE:  0.00000000: 100%|█████████████████████████████████████████| 2785/2785 [07:17<00:00,  6.36it/s]
Train Epoch: 102 Loss: -0.01636521 Max_MAE:  0.94152045: 100%|█████████████████████████████████████████| 2785/2785 [07:00<00:00,  6.63it/s]
Valid Epoch: 102 Loss: -0.00759100: 100%|████████████████████████████████████████████████████████████████| 660/660 [01:29<00:00,  7.39it/s]
 
Dataset: end_point_eth_experiment, Epoch: 102
Train_loss: -2.192605544314377, Val_los: -1.642197921962449
Min_val_epoch: 99, Min_val_loss: -1.7205737029964274
 
Train Epoch: 103 Loss: -0.01705946 Max_MAE:  0.00000024: 100%|█████████████████████████████████████████| 2785/2785 [07:16<00:00,  6.38it/s]
Train Epoch: 103 Loss: -0.01674691 Max_MAE:  0.48124552: 100%|█████████████████████████████████████████| 2785/2785 [07:15<00:00,  6.40it/s]
Valid Epoch: 103 Loss: -0.00692608: 100%|████████████████████████████████████████████████████████████████| 660/660 [01:27<00:00,  7.58it/s]
 
Dataset: end_point_eth_experiment, Epoch: 103
Train_loss: -2.23195161923726, Val_los: -1.3179510916724348
Min_val_epoch: 99, Min_val_loss: -1.7205737029964274
 
Train Epoch: 104 Loss: -0.01932084 Max_MAE:  0.00000095: 100%|█████████████████████████████████████████| 2785/2785 [07:11<00:00,  6.45it/s]
Train Epoch: 104 Loss: -0.01987977 Max_MAE:  2.01566601: 100%|█████████████████████████████████████████| 2785/2785 [07:14<00:00,  6.42it/s]
Valid Epoch: 104 Loss: -0.00562396: 100%|████████████████████████████████████████████████████████████████| 660/660 [00:53<00:00, 12.34it/s]
 
Dataset: end_point_eth_experiment, Epoch: 104
Train_loss: -2.247710634290811, Val_los: -1.5671688133116923
Min_val_epoch: 99, Min_val_loss: -1.7205737029964274
 
Train Epoch: 105 Loss: -0.02918863 Max_MAE:  0.00000000: 100%|█████████████████████████████████████████| 2785/2785 [07:49<00:00,  5.93it/s]
Train Epoch: 105 Loss: -0.00637317 Max_MAE:  3.03388214: 100%|█████████████████████████████████████████| 2785/2785 [07:20<00:00,  6.32it/s]
Valid Epoch: 105 Loss: -0.00439140: 100%|████████████████████████████████████████████████████████████████| 660/660 [01:28<00:00,  7.45it/s]
 
Dataset: end_point_eth_experiment, Epoch: 105
Train_loss: -2.2086747050151576, Val_los: -1.5819859639261709
Min_val_epoch: 99, Min_val_loss: -1.7205737029964274
 
Train Epoch: 106 Loss: -0.02131790 Max_MAE:  0.00000024: 100%|█████████████████████████████████████████| 2785/2785 [07:08<00:00,  6.49it/s]
Train Epoch: 106 Loss: -0.02183167 Max_MAE:  1.16707897: 100%|█████████████████████████████████████████| 2785/2785 [07:17<00:00,  6.36it/s]
Valid Epoch: 106 Loss: -0.00669964: 100%|████████████████████████████████████████████████████████████████| 660/660 [00:53<00:00, 12.29it/s]
 
Dataset: end_point_eth_experiment, Epoch: 106
Train_loss: -2.204550134768472, Val_los: -1.6691801421570056
Min_val_epoch: 99, Min_val_loss: -1.7205737029964274
 
Train Epoch: 107 Loss: -0.02013523 Max_MAE:  0.00000048: 100%|█████████████████████████████████████████| 2785/2785 [07:47<00:00,  5.96it/s]
Train Epoch: 107 Loss: -0.00214287 Max_MAE:  1.83338833: 100%|█████████████████████████████████████████| 2785/2785 [07:16<00:00,  6.37it/s]
Valid Epoch: 107 Loss: -0.00841434: 100%|████████████████████████████████████████████████████████████████| 660/660 [00:54<00:00, 12.03it/s]
 
Dataset: end_point_eth_experiment, Epoch: 107
Train_loss: -2.2592444890437906, Val_los: -1.553975063381773
Min_val_epoch: 99, Min_val_loss: -1.7205737029964274
 
Train Epoch: 108 Loss: -0.01904804 Max_MAE:  0.00000001: 100%|█████████████████████████████████████████| 2785/2785 [07:47<00:00,  5.96it/s]
Train Epoch: 108 Loss: -0.02081776 Max_MAE:  0.24312305: 100%|█████████████████████████████████████████| 2785/2785 [07:15<00:00,  6.40it/s]
Valid Epoch: 108 Loss: -0.00624971: 100%|████████████████████████████████████████████████████████████████| 660/660 [00:55<00:00, 11.80it/s]
 
Dataset: end_point_eth_experiment, Epoch: 108
Train_loss: -2.227889155798476, Val_los: -1.6827519856619113
Min_val_epoch: 99, Min_val_loss: -1.7205737029964274
 
Train Epoch: 109 Loss: -0.01672851 Max_MAE:  0.00000095: 100%|█████████████████████████████████████████| 2785/2785 [07:45<00:00,  5.98it/s]
Train Epoch: 109 Loss: -0.01566253 Max_MAE:  1.42056751: 100%|█████████████████████████████████████████| 2785/2785 [07:19<00:00,  6.34it/s]
Valid Epoch: 109 Loss: -0.00725726: 100%|████████████████████████████████████████████████████████████████| 660/660 [00:56<00:00, 11.67it/s]
 
Dataset: end_point_eth_experiment, Epoch: 109
Train_loss: -2.1968248792955754, Val_los: -1.6415756156950285
Min_val_epoch: 99, Min_val_loss: -1.7205737029964274
 
Train Epoch: 110 Loss: -0.02048212 Max_MAE:  0.00000001: 100%|█████████████████████████████████████████| 2785/2785 [07:17<00:00,  6.37it/s]
Train Epoch: 110 Loss: -0.02286148 Max_MAE:  1.15308404: 100%|█████████████████████████████████████████| 2785/2785 [07:01<00:00,  6.61it/s]
Valid Epoch: 110 Loss: -0.00751897: 100%|████████████████████████████████████████████████████████████████| 660/660 [01:25<00:00,  7.72it/s]
 
Dataset: end_point_eth_experiment, Epoch: 110
Train_loss: -2.246049691371526, Val_los: -1.6409825577880397
Min_val_epoch: 99, Min_val_loss: -1.7205737029964274
 
Train Epoch: 111 Loss: -0.00905483 Max_MAE:  0.00000095: 100%|█████████████████████████████████████████| 2785/2785 [07:20<00:00,  6.32it/s]
Train Epoch: 111 Loss: -0.01265607 Max_MAE:  0.67417145: 100%|█████████████████████████████████████████| 2785/2785 [07:04<00:00,  6.56it/s]
Valid Epoch: 111 Loss: -0.00639833: 100%|████████████████████████████████████████████████████████████████| 660/660 [01:32<00:00,  7.17it/s]
 
Dataset: end_point_eth_experiment, Epoch: 111
Train_loss: -2.2546696791224705, Val_los: -1.7432513904390914
Min_val_epoch: 111, Min_val_loss: -1.7432513904390914
 
Train Epoch: 112 Loss: 0.00190915 Max_MAE:  0.00000000: 100%|██████████████████████████████████████████| 2785/2785 [07:12<00:00,  6.45it/s]
Train Epoch: 112 Loss: -0.01082008 Max_MAE:  1.35701466: 100%|█████████████████████████████████████████| 2785/2785 [07:05<00:00,  6.55it/s]
Valid Epoch: 112 Loss: -0.00732999: 100%|████████████████████████████████████████████████████████████████| 660/660 [00:57<00:00, 11.43it/s]
 
Dataset: end_point_eth_experiment, Epoch: 112
Train_loss: -2.2230462188192073, Val_los: -1.5203617986404534
Min_val_epoch: 111, Min_val_loss: -1.7432513904390914
 
Train Epoch: 113 Loss: -0.01133374 Max_MAE:  0.00000003: 100%|█████████████████████████████████████████| 2785/2785 [07:20<00:00,  6.32it/s]
Train Epoch: 113 Loss: -0.02119399 Max_MAE:  1.54408264: 100%|█████████████████████████████████████████| 2785/2785 [07:32<00:00,  6.15it/s]
Valid Epoch: 113 Loss: -0.00709936: 100%|████████████████████████████████████████████████████████████████| 660/660 [01:02<00:00, 10.61it/s]
 
Dataset: end_point_eth_experiment, Epoch: 113
Train_loss: -2.2427738161172375, Val_los: -1.6959368268648782
Min_val_epoch: 111, Min_val_loss: -1.7432513904390914
 
Train Epoch: 114 Loss: -0.02202711 Max_MAE:  0.00000024: 100%|█████████████████████████████████████████| 2785/2785 [07:30<00:00,  6.18it/s]
Train Epoch: 114 Loss: -0.00858800 Max_MAE:  0.54935312: 100%|█████████████████████████████████████████| 2785/2785 [07:31<00:00,  6.17it/s]
Valid Epoch: 114 Loss: -0.00682900: 100%|████████████████████████████████████████████████████████████████| 660/660 [01:00<00:00, 10.88it/s]
 
Dataset: end_point_eth_experiment, Epoch: 114
Train_loss: -2.2372826424191574, Val_los: -1.786997759613124
Min_val_epoch: 114, Min_val_loss: -1.786997759613124
 
Train Epoch: 115 Loss: -0.02453077 Max_MAE:  0.00000006: 100%|█████████████████████████████████████████| 2785/2785 [07:11<00:00,  6.46it/s]
Train Epoch: 115 Loss: -0.01376276 Max_MAE:  1.66239452: 100%|█████████████████████████████████████████| 2785/2785 [07:17<00:00,  6.37it/s]
Valid Epoch: 115 Loss: -0.00669537: 100%|████████████████████████████████████████████████████████████████| 660/660 [01:22<00:00,  8.00it/s]
 
Dataset: end_point_eth_experiment, Epoch: 115
Train_loss: -2.266876981063634, Val_los: -1.507885417342186
Min_val_epoch: 114, Min_val_loss: -1.786997759613124
 
Train Epoch: 116 Loss: -0.01753212 Max_MAE:  0.00000095: 100%|█████████████████████████████████████████| 2785/2785 [07:05<00:00,  6.54it/s]
Train Epoch: 116 Loss: -0.00916812 Max_MAE:  1.46372318: 100%|█████████████████████████████████████████| 2785/2785 [06:58<00:00,  6.65it/s]
Valid Epoch: 116 Loss: -0.00589800: 100%|████████████████████████████████████████████████████████████████| 660/660 [01:01<00:00, 10.66it/s]
 
Dataset: end_point_eth_experiment, Epoch: 116
Train_loss: -2.237001538833794, Val_los: -1.7757542540629705
Min_val_epoch: 114, Min_val_loss: -1.786997759613124
 
Train Epoch: 117 Loss: -0.00871347 Max_MAE:  0.00000095: 100%|█████████████████████████████████████████| 2785/2785 [07:05<00:00,  6.55it/s]
Train Epoch: 117 Loss: -0.01386520 Max_MAE:  1.57541347: 100%|█████████████████████████████████████████| 2785/2785 [06:58<00:00,  6.65it/s]
Valid Epoch: 117 Loss: -0.00548944: 100%|████████████████████████████████████████████████████████████████| 660/660 [00:58<00:00, 11.22it/s]
 
Dataset: end_point_eth_experiment, Epoch: 117
Train_loss: -2.2404788830543283, Val_los: -1.7137991496107794
Min_val_epoch: 114, Min_val_loss: -1.786997759613124
 
Train Epoch: 118 Loss: -0.02519916 Max_MAE:  0.00000048: 100%|█████████████████████████████████████████| 2785/2785 [07:25<00:00,  6.25it/s]
Train Epoch: 118 Loss: -0.01732762 Max_MAE:  1.58687592: 100%|█████████████████████████████████████████| 2785/2785 [07:29<00:00,  6.20it/s]
Valid Epoch: 118 Loss: -0.00679066: 100%|████████████████████████████████████████████████████████████████| 660/660 [01:01<00:00, 10.66it/s]
 
Dataset: end_point_eth_experiment, Epoch: 118
Train_loss: -2.241544442378399, Val_los: -1.7317318839557243
Min_val_epoch: 114, Min_val_loss: -1.786997759613124
 
Train Epoch: 119 Loss: -0.01054250 Max_MAE:  0.00000024: 100%|█████████████████████████████████████████| 2785/2785 [07:14<00:00,  6.41it/s]
Train Epoch: 119 Loss: -0.02066298 Max_MAE:  2.52398491: 100%|█████████████████████████████████████████| 2785/2785 [07:08<00:00,  6.50it/s]
Valid Epoch: 119 Loss: -0.00521909: 100%|████████████████████████████████████████████████████████████████| 660/660 [01:26<00:00,  7.60it/s]
 
Dataset: end_point_eth_experiment, Epoch: 119
Train_loss: -2.2455539719795197, Val_los: -1.7286039793130124
Min_val_epoch: 114, Min_val_loss: -1.786997759613124
 